<?xml version="1.0" encoding="UTF-8"?>
<!-- Generated by org.testng.reporters.JUnitXMLReporter -->
<testsuite ignored="0" hostname="DESKTOP-7JOFLV1" failures="0" tests="4" name="Default test(failed)" time="1.377" errors="0" timestamp="2022-06-27T08:08:01 CDT">
  <testcase classname="com.DSalgo.testCases.BaseClass" name="@BeforeTest setup" time="-1.656335280557E9">
    <failure type="org.testng.TestNGException" message="
Parameter &amp;apos;brower&amp;apos; is required by BeforeTest on method setup but has not been marked @Optional or defined
in C:\Users\HP\eclipse-workspace\DSalgoProject\test-output\Default suite\testng-failed.xml">
      <![CDATA[org.testng.TestNGException: 
Parameter 'brower' is required by BeforeTest on method setup but has not been marked @Optional or defined
in C:\Users\HP\eclipse-workspace\DSalgoProject\test-output\Default suite\testng-failed.xml
... Removed 21 stack frames]]>
    </failure>
  </testcase> <!-- @BeforeTest setup -->
  <testcase classname="com.DSalgo.testCases.BaseClass" name="@AfterTest tearDown" time="-1.65633528192E9">
    <skipped/>
  </testcase> <!-- @AfterTest tearDown -->
  <testcase classname="com.DSalgo.testCases.TC_LoginDDT_002" name="loginDDT" time="0.0">
    <skipped/>
  </testcase> <!-- loginDDT -->
  <testcase classname="com.DSalgo.testCases.TC_LoginDDT_002" name="loginDDT" time="0.0">
    <skipped/>
  </testcase> <!-- loginDDT -->
  <testcase classname="com.DSalgo.testCases.TC_LoginDDT_002" name="loginDDT" time="0.0">
    <skipped/>
  </testcase> <!-- loginDDT -->
  <testcase classname="com.DSalgo.testCases.TC_LoginDDT_002" name="loginDDT" time="0.0">
    <skipped/>
  </testcase> <!-- loginDDT -->
</testsuite> <!-- Default test(failed) -->
